f:\projects\networkingvcpp\client\client\debug\client.pch
f:\projects\networkingvcpp\client\client\debug\vc140.pdb
f:\projects\networkingvcpp\client\client\debug\vc140.idb
f:\projects\networkingvcpp\client\client\debug\stdafx.obj
f:\projects\networkingvcpp\client\client\debug\client.obj
f:\projects\networkingvcpp\client\client\debug\clientdlg.obj
f:\projects\networkingvcpp\client\client\debug\clientsocket.obj
i:\kts\video tutorials\old tutorials\1-vc++ serverclient\networkingvcpp\client\client\debug\client.pch
i:\kts\video tutorials\old tutorials\1-vc++ serverclient\networkingvcpp\client\client\debug\vc140.pdb
i:\kts\video tutorials\old tutorials\1-vc++ serverclient\networkingvcpp\client\client\debug\vc140.idb
i:\kts\video tutorials\old tutorials\1-vc++ serverclient\networkingvcpp\client\client\debug\stdafx.obj
i:\kts\video tutorials\old tutorials\1-vc++ serverclient\networkingvcpp\client\client\debug\client.obj
i:\kts\video tutorials\old tutorials\1-vc++ serverclient\networkingvcpp\client\client\debug\clientdlg.obj
i:\kts\video tutorials\old tutorials\1-vc++ serverclient\networkingvcpp\client\client\debug\clientsocket.obj
f:\projects\networkingvcpp\client\debug\client.ilk
f:\projects\networkingvcpp\client\debug\client.exe
f:\projects\networkingvcpp\client\debug\client.pdb
i:\kts\video tutorials\old tutorials\1-vc++ serverclient\networkingvcpp\client\debug\client.ilk
i:\kts\video tutorials\old tutorials\1-vc++ serverclient\networkingvcpp\client\debug\client.exe
i:\kts\video tutorials\old tutorials\1-vc++ serverclient\networkingvcpp\client\debug\client.pdb
f:\projects\networkingvcpp\client\client\debug\client.res
i:\kts\video tutorials\old tutorials\1-vc++ serverclient\networkingvcpp\client\client\debug\client.res
i:\kts\video tutorials\old tutorials\1-vc++ serverclient\networkingvcpp\client\client\debug\client.tlog\cl.command.1.tlog
i:\kts\video tutorials\old tutorials\1-vc++ serverclient\networkingvcpp\client\client\debug\client.tlog\cl.read.1.tlog
i:\kts\video tutorials\old tutorials\1-vc++ serverclient\networkingvcpp\client\client\debug\client.tlog\cl.write.1.tlog
i:\kts\video tutorials\old tutorials\1-vc++ serverclient\networkingvcpp\client\client\debug\client.tlog\link.command.1.tlog
i:\kts\video tutorials\old tutorials\1-vc++ serverclient\networkingvcpp\client\client\debug\client.tlog\link.read.1.tlog
i:\kts\video tutorials\old tutorials\1-vc++ serverclient\networkingvcpp\client\client\debug\client.tlog\link.write.1.tlog
i:\kts\video tutorials\old tutorials\1-vc++ serverclient\networkingvcpp\client\client\debug\client.tlog\rc.command.1.tlog
i:\kts\video tutorials\old tutorials\1-vc++ serverclient\networkingvcpp\client\client\debug\client.tlog\rc.read.1.tlog
i:\kts\video tutorials\old tutorials\1-vc++ serverclient\networkingvcpp\client\client\debug\client.tlog\rc.write.1.tlog
